Your IP is 218.241.251.149.
startServer========>port=[3003]
startServer========>incoming=[Socket[addr=/192.168.18.215,port=59866,localport=3003]]
server.java initialize() playerInfo=[HELLO]
server.java message() player=[Player [ID=101, name=111111]] args=[[ADDPLAYER, Player [ID=101, name=111111]]]
server.java message() player=[Player [ID=101, name=111111]] args=[[YOU, 101]]
Client Player [ID=101, name=111111] connected.
startServer========>incoming=[Socket[addr=/192.168.18.215,port=59868,localport=3003]]
server.java initialize() playerInfo=[HELLO]
server.java message() player=[Player [ID=102, name=222222]] args=[[ADDPLAYER, Player [ID=101, name=111111]]]
server.java message() player=[Player [ID=101, name=111111]] args=[[ADDPLAYER, Player [ID=102, name=444444]]]
server.java message() player=[Player [ID=102, name=222222]] args=[[ADDPLAYER, Player [ID=102, name=444444]]]
server.java message() player=[Player [ID=102, name=222222]] args=[[YOU, 102]]
Client Player [ID=102, name=444444] connected.
startServer========>incoming=[Socket[addr=/192.168.18.215,port=59870,localport=3003]]
server.java initialize() playerInfo=[HELLO]
server.java message() player=[Player [ID=103, name=333333]] args=[[ADDPLAYER, Player [ID=101, name=111111]]]
server.java message() player=[Player [ID=103, name=333333]] args=[[ADDPLAYER, Player [ID=102, name=444444]]]
server.java message() player=[Player [ID=101, name=111111]] args=[[ADDPLAYER, Player [ID=103, name=333333333]]]
server.java message() player=[Player [ID=102, name=222222]] args=[[ADDPLAYER, Player [ID=103, name=333333333]]]
server.java message() player=[Player [ID=103, name=333333]] args=[[ADDPLAYER, Player [ID=103, name=333333333]]]
server.java message() player=[Player [ID=103, name=333333]] args=[[YOU, 103]]
Client Player [ID=103, name=333333333] connected.
startServer========>incoming=[Socket[addr=/192.168.18.215,port=59874,localport=3003]]
server.java initialize() playerInfo=[HELLO]
server.java message() player=[Player [ID=104, name=444444]] args=[[ADDPLAYER, Player [ID=101, name=111111]]]
server.java message() player=[Player [ID=104, name=444444]] args=[[ADDPLAYER, Player [ID=102, name=444444]]]
server.java message() player=[Player [ID=104, name=444444]] args=[[ADDPLAYER, Player [ID=103, name=333333333]]]
server.java message() player=[Player [ID=101, name=111111]] args=[[ADDPLAYER, Player [ID=104, name=444444]]]
server.java message() player=[Player [ID=102, name=222222]] args=[[ADDPLAYER, Player [ID=104, name=444444]]]
server.java message() player=[Player [ID=103, name=333333]] args=[[ADDPLAYER, Player [ID=104, name=444444]]]
server.java message() player=[Player [ID=104, name=444444]] args=[[ADDPLAYER, Player [ID=104, name=444444]]]
server.java message() player=[Player [ID=104, name=444444]] args=[[YOU, 104]]
Client Player [ID=104, name=444444] connected.
server.java processMessage() player=[Player [ID=104, name=444444]] data=[[STARTGAME, GameProperties [numDecks=2, find_a_friend=false]]]
server.java message() player=[Player [ID=101, name=111111]] args=[[STARTGAME, GameProperties [numDecks=2, find_a_friend=false]]]
server.java message() player=[Player [ID=102, name=222222]] args=[[STARTGAME, GameProperties [numDecks=2, find_a_friend=false]]]
server.java message() player=[Player [ID=103, name=333333]] args=[[STARTGAME, GameProperties [numDecks=2, find_a_friend=false]]]
server.java message() player=[Player [ID=104, name=444444]] args=[[STARTGAME, GameProperties [numDecks=2, find_a_friend=false]]]
server.java processMessage() player=[Player [ID=102, name=444444]] data=[[STARTGAME, GameProperties [numDecks=2, find_a_friend=false]]]
server.java message() player=[Player [ID=101, name=111111]] args=[[STARTGAME, GameProperties [numDecks=2, find_a_friend=false]]]
server.java message() player=[Player [ID=102, name=222222]] args=[[STARTGAME, GameProperties [numDecks=2, find_a_friend=false]]]
server.java message() player=[Player [ID=103, name=333333]] args=[[STARTGAME, GameProperties [numDecks=2, find_a_friend=false]]]
server.java message() player=[Player [ID=104, name=444444]] args=[[STARTGAME, GameProperties [numDecks=2, find_a_friend=false]]]
server.java processMessage() player=[Player [ID=101, name=111111]] data=[[STARTGAME, GameProperties [numDecks=2, find_a_friend=false]]]
server.java message() player=[Player [ID=101, name=111111]] args=[[STARTGAME, GameProperties [numDecks=2, find_a_friend=false]]]
server.java message() player=[Player [ID=102, name=222222]] args=[[STARTGAME, GameProperties [numDecks=2, find_a_friend=false]]]
server.java message() player=[Player [ID=103, name=333333]] args=[[STARTGAME, GameProperties [numDecks=2, find_a_friend=false]]]
server.java message() player=[Player [ID=104, name=444444]] args=[[STARTGAME, GameProperties [numDecks=2, find_a_friend=false]]]
server.java processMessage() player=[Player [ID=103, name=333333]]data=[[STARTGAME, GameProperties [numDecks=2, find_a_friend=true]]]
server.java message() player=[Player [ID=101, name=111111]] args=[[STARTGAME, GameProperties [numDecks=2, find_a_friend=true]]]
server.java message() player=[Player [ID=102, name=222222]] args=[[STARTGAME, GameProperties [numDecks=2, find_a_friend=true]]]
server.java message() player=[Player [ID=103, name=333333]] args=[[STARTGAME, GameProperties [numDecks=2, find_a_friend=true]]]
server.java message() player=[Player [ID=104, name=444444]] args=[[STARTGAME, GameProperties [numDecks=2, find_a_friend=true]]]
server.java processMessage() player=[Player [ID=104, name=444444]] data=[[STARTGAME, GameProperties [numDecks=2, find_a_friend=false]]]
server.java message() player=[Player [ID=101, name=111111]] args=[[STARTGAME, GameProperties [numDecks=2, find_a_friend=false]]]
server.java message() player=[Player [ID=102, name=222222]] args=[[STARTGAME, GameProperties [numDecks=2, find_a_friend=false]]]
server.java message() player=[Player [ID=103, name=333333]] args=[[STARTGAME, GameProperties [numDecks=2, find_a_friend=false]]]
server.java message() player=[Player [ID=104, name=444444]] args=[[STARTGAME, GameProperties [numDecks=2, find_a_friend=false]]]
server.java processMessage() player=[Player [ID=104, name=444444]] data=[[STARTROUND]]
server.java message() player=[Player [ID=101, name=111111]] args=[[STARTROUND, 1552028404713]]
server.java message() player=[Player [ID=102, name=222222]] args=[[STARTROUND, 1552028404713]]
server.java message() player=[Player [ID=103, name=333333]] args=[[STARTROUND, 1552028404713]]
server.java message() player=[Player [ID=104, name=444444]] args=[[STARTROUND, 1552028404713]]
server.java message() player=[Player [ID=101, name=111111]] args=[[DRAW, 101]]
server.java message() player=[Player [ID=102, name=222222]] args=[[DRAW, 101]]
server.java message() player=[Player [ID=103, name=333333]] args=[[DRAW, 101]]
server.java message() player=[Player [ID=104, name=444444]] args=[[DRAW, 101]]
server.java message() player=[Player [ID=101, name=111111]] args=[[DRAW, 102]]
server.java message() player=[Player [ID=102, name=222222]] args=[[DRAW, 102]]
server.java message() player=[Player [ID=103, name=333333]] args=[[DRAW, 102]]
server.java message() player=[Player [ID=104, name=444444]] args=[[DRAW, 102]]
 likai 
server.java processMessage() player=[Player [ID=102, name=444444]] data=[[SHOW, Play [playerID=102, cards=[2♠]]]]
server.java message() player=[Player [ID=101, name=111111]] args=[[SHOW, Play [playerID=102, cards=[2♠]]]]
server.java message() player=[Player [ID=102, name=222222]] args=[[SHOW, Play [playerID=102, cards=[2♠]]]]
server.java message() player=[Player [ID=103, name=333333]] args=[[SHOW, Play [playerID=102, cards=[2♠]]]]
server.java message() player=[Player [ID=104, name=444444]] args=[[SHOW, Play [playerID=102, cards=[2♠]]]]
server.java message() player=[Player [ID=101, name=111111]] args=[[TAKEKITTY]]
server.java message() player=[Player [ID=102, name=222222]] args=[[TAKEKITTY]]
server.java message() player=[Player [ID=103, name=333333]] args=[[TAKEKITTY]]
server.java message() player=[Player [ID=104, name=444444]] args=[[TAKEKITTY]]
server.java processMessage() player=[Player [ID=102, name=444444]] data=[[MAKEKITTY, Play [playerID=102, cards=[3♡, 4♣, 9♡, 10♣, J♣, Q♣, 3♣, 4♣]]]]
server.java message() player=[Player [ID=101, name=111111]] args=[[MAKEKITTY, Play [playerID=102, cards=[3♡, 4♣, 9♡, 10♣, J♣, Q♣, 3♣, 4♣]]]]
server.java message() player=[Player [ID=102, name=222222]] args=[[MAKEKITTY, Play [playerID=102, cards=[3♡, 4♣, 9♡, 10♣, J♣, Q♣, 3♣, 4♣]]]]
server.java message() player=[Player [ID=103, name=333333]] args=[[MAKEKITTY, Play [playerID=102, cards=[3♡, 4♣, 9♡, 10♣, J♣, Q♣, 3♣, 4♣]]]]
server.java message() player=[Player [ID=104, name=444444]] args=[[MAKEKITTY, Play [playerID=102, cards=[3♡, 4♣, 9♡, 10♣, J♣, Q♣, 3♣, 4♣]]]]
server.java processMessage() player=[Player [ID=102, name=444444]] data=[[PLAY, Play [playerID=102, cards=[A♢]]]]
server.java message() player=[Player [ID=101, name=111111]] args=[[PLAY, Play [playerID=102, cards=[A♢]]]]
server.java message() player=[Player [ID=102, name=222222]] args=[[PLAY, Play [playerID=102, cards=[A♢]]]]
server.java message() player=[Player [ID=103, name=333333]] args=[[PLAY, Play [playerID=102, cards=[A♢]]]]
server.java message() player=[Player [ID=104, name=444444]] args=[[PLAY, Play [playerID=102, cards=[A♢]]]]
server.java processMessage() player=[Player [ID=103, name=333333]]data=[[PLAY, Play [playerID=103, cards=[10♢]]]]
server.java message() player=[Player [ID=101, name=111111]] args=[[PLAY, Play [playerID=103, cards=[10♢]]]]
server.java message() player=[Player [ID=102, name=222222]] args=[[PLAY, Play [playerID=103, cards=[10♢]]]]
server.java message() player=[Player [ID=103, name=333333]] args=[[PLAY, Play [playerID=103, cards=[10♢]]]]
server.java message() player=[Player [ID=104, name=444444]] args=[[PLAY, Play [playerID=103, cards=[10♢]]]]
server.java processMessage() player=[Player [ID=104, name=444444]] data=[[PLAY, Play [playerID=104, cards=[7♢]]]]
server.java message() player=[Player [ID=101, name=111111]] args=[[PLAY, Play [playerID=104, cards=[7♢]]]]
server.java message() player=[Player [ID=102, name=222222]] args=[[PLAY, Play [playerID=104, cards=[7♢]]]]
server.java message() player=[Player [ID=103, name=333333]] args=[[PLAY, Play [playerID=104, cards=[7♢]]]]
server.java message() player=[Player [ID=104, name=444444]] args=[[PLAY, Play [playerID=104, cards=[7♢]]]]
server.java processMessage() player=[Player [ID=101, name=111111]] data=[[PLAY, Play [playerID=101, cards=[4♢]]]]
server.java message() player=[Player [ID=101, name=111111]] args=[[PLAY, Play [playerID=101, cards=[4♢]]]]
server.java message() player=[Player [ID=102, name=222222]] args=[[PLAY, Play [playerID=101, cards=[4♢]]]]
server.java message() player=[Player [ID=103, name=333333]] args=[[PLAY, Play [playerID=101, cards=[4♢]]]]
server.java message() player=[Player [ID=104, name=444444]] args=[[PLAY, Play [playerID=101, cards=[4♢]]]]
server.java processMessage() player=[Player [ID=102, name=444444]] data=[[PLAY, Play [playerID=102, cards=[5♡, 5♡]]]]
server.java message() player=[Player [ID=101, name=111111]] args=[[PLAY, Play [playerID=102, cards=[5♡, 5♡]]]]
server.java message() player=[Player [ID=102, name=222222]] args=[[PLAY, Play [playerID=102, cards=[5♡, 5♡]]]]
server.java message() player=[Player [ID=103, name=333333]] args=[[PLAY, Play [playerID=102, cards=[5♡, 5♡]]]]
server.java message() player=[Player [ID=104, name=444444]] args=[[PLAY, Play [playerID=102, cards=[5♡, 5♡]]]]
server.java processMessage() player=[Player [ID=103, name=333333]]data=[[PLAY, Play [playerID=103, cards=[A♡, A♡]]]]
server.java message() player=[Player [ID=101, name=111111]] args=[[PLAY, Play [playerID=103, cards=[A♡, A♡]]]]
server.java message() player=[Player [ID=102, name=222222]] args=[[PLAY, Play [playerID=103, cards=[A♡, A♡]]]]
server.java message() player=[Player [ID=103, name=333333]] args=[[PLAY, Play [playerID=103, cards=[A♡, A♡]]]]
server.java message() player=[Player [ID=104, name=444444]] args=[[PLAY, Play [playerID=103, cards=[A♡, A♡]]]]
server.java processMessage() player=[Player [ID=104, name=444444]] data=[[PLAY, Play [playerID=104, cards=[6♡, 3♡]]]]
server.java message() player=[Player [ID=101, name=111111]] args=[[PLAY, Play [playerID=104, cards=[6♡, 3♡]]]]
server.java message() player=[Player [ID=102, name=222222]] args=[[PLAY, Play [playerID=104, cards=[6♡, 3♡]]]]
server.java message() player=[Player [ID=103, name=333333]] args=[[PLAY, Play [playerID=104, cards=[6♡, 3♡]]]]
server.java message() player=[Player [ID=104, name=444444]] args=[[PLAY, Play [playerID=104, cards=[6♡, 3♡]]]]
server.java processMessage() player=[Player [ID=101, name=111111]] data=[[PLAY, Play [playerID=101, cards=[4♡, 10♡]]]]
server.java message() player=[Player [ID=101, name=111111]] args=[[PLAY, Play [playerID=101, cards=[4♡, 10♡]]]]
server.java message() player=[Player [ID=102, name=222222]] args=[[PLAY, Play [playerID=101, cards=[4♡, 10♡]]]]
server.java message() player=[Player [ID=103, name=333333]] args=[[PLAY, Play [playerID=101, cards=[4♡, 10♡]]]]
server.java message() player=[Player [ID=104, name=444444]] args=[[PLAY, Play [playerID=101, cards=[4♡, 10♡]]]]
server.java processMessage() player=[Player [ID=103, name=333333]]data=[[PLAY, Play [playerID=103, cards=[6♣, 6♣]]]]
server.java message() player=[Player [ID=101, name=111111]] args=[[PLAY, Play [playerID=103, cards=[6♣, 6♣]]]]
server.java message() player=[Player [ID=102, name=222222]] args=[[PLAY, Play [playerID=103, cards=[6♣, 6♣]]]]
server.java message() player=[Player [ID=103, name=333333]] args=[[PLAY, Play [playerID=103, cards=[6♣, 6♣]]]]
server.java message() player=[Player [ID=104, name=444444]] args=[[PLAY, Play [playerID=103, cards=[6♣, 6♣]]]]
server.java processMessage() player=[Player [ID=104, name=444444]] data=[[PLAY, Play [playerID=104, cards=[8♣, 8♣]]]]
server.java message() player=[Player [ID=101, name=111111]] args=[[PLAY, Play [playerID=104, cards=[8♣, 8♣]]]]
server.java message() player=[Player [ID=102, name=222222]] args=[[PLAY, Play [playerID=104, cards=[8♣, 8♣]]]]
server.java message() player=[Player [ID=103, name=333333]] args=[[PLAY, Play [playerID=104, cards=[8♣, 8♣]]]]
server.java message() player=[Player [ID=104, name=444444]] args=[[PLAY, Play [playerID=104, cards=[8♣, 8♣]]]]
server.java processMessage() player=[Player [ID=101, name=111111]] data=[[PLAY, Play [playerID=101, cards=[3♣, 7♣]]]]
server.java message() player=[Player [ID=101, name=111111]] args=[[PLAY, Play [playerID=101, cards=[3♣, 7♣]]]]
server.java message() player=[Player [ID=102, name=222222]] args=[[PLAY, Play [playerID=101, cards=[3♣, 7♣]]]]
server.java message() player=[Player [ID=103, name=333333]] args=[[PLAY, Play [playerID=101, cards=[3♣, 7♣]]]]
server.java message() player=[Player [ID=104, name=444444]] args=[[PLAY, Play [playerID=101, cards=[3♣, 7♣]]]]
server.java processMessage() player=[Player [ID=102, name=444444]] data=[[PLAY, Play [playerID=102, cards=[9♢, J♢]]]]
server.java message() player=[Player [ID=101, name=111111]] args=[[PLAY, Play [playerID=102, cards=[9♢, J♢]]]]
server.java message() player=[Player [ID=102, name=222222]] args=[[PLAY, Play [playerID=102, cards=[9♢, J♢]]]]
server.java message() player=[Player [ID=103, name=333333]] args=[[PLAY, Play [playerID=102, cards=[9♢, J♢]]]]
server.java message() player=[Player [ID=104, name=444444]] args=[[PLAY, Play [playerID=102, cards=[9♢, J♢]]]]
server.java processMessage() player=[Player [ID=104, name=444444]] data=[[PLAY, Play [playerID=104, cards=[K♣, A♣, A♣]]]]
server.java message() player=[Player [ID=101, name=111111]] args=[[PLAY, Play [playerID=104, cards=[K♣, A♣, A♣]]]]
server.java message() player=[Player [ID=102, name=222222]] args=[[PLAY, Play [playerID=104, cards=[K♣, A♣, A♣]]]]
server.java message() player=[Player [ID=103, name=333333]] args=[[PLAY, Play [playerID=104, cards=[K♣, A♣, A♣]]]]
server.java message() player=[Player [ID=104, name=444444]] args=[[PLAY, Play [playerID=104, cards=[K♣, A♣, A♣]]]]
server.java processMessage() player=[Player [ID=101, name=111111]] data=[[PLAY, Play [playerID=101, cards=[5♣, 10♣, Q♣]]]]
server.java message() player=[Player [ID=101, name=111111]] args=[[PLAY, Play [playerID=101, cards=[5♣, 10♣, Q♣]]]]
server.java message() player=[Player [ID=102, name=222222]] args=[[PLAY, Play [playerID=101, cards=[5♣, 10♣, Q♣]]]]
server.java message() player=[Player [ID=103, name=333333]] args=[[PLAY, Play [playerID=101, cards=[5♣, 10♣, Q♣]]]]
server.java message() player=[Player [ID=104, name=444444]] args=[[PLAY, Play [playerID=101, cards=[5♣, 10♣, Q♣]]]]
server.java processMessage() player=[Player [ID=102, name=444444]] data=[[PLAY, Play [playerID=102, cards=[10♠, K♡, K♢]]]]
server.java message() player=[Player [ID=101, name=111111]] args=[[PLAY, Play [playerID=102, cards=[10♠, K♡, K♢]]]]
server.java message() player=[Player [ID=102, name=222222]] args=[[PLAY, Play [playerID=102, cards=[10♠, K♡, K♢]]]]
server.java message() player=[Player [ID=103, name=333333]] args=[[PLAY, Play [playerID=102, cards=[10♠, K♡, K♢]]]]
server.java message() player=[Player [ID=104, name=444444]] args=[[PLAY, Play [playerID=102, cards=[10♠, K♡, K♢]]]]
server.java processMessage() player=[Player [ID=103, name=333333]]data=[[PLAY, Play [playerID=103, cards=[4♡, 9♣, 9♣]]]]
server.java message() player=[Player [ID=101, name=111111]] args=[[PLAY, Play [playerID=103, cards=[4♡, 9♣, 9♣]]]]
server.java message() player=[Player [ID=102, name=222222]] args=[[PLAY, Play [playerID=103, cards=[4♡, 9♣, 9♣]]]]
server.java message() player=[Player [ID=103, name=333333]] args=[[PLAY, Play [playerID=103, cards=[4♡, 9♣, 9♣]]]]
server.java message() player=[Player [ID=104, name=444444]] args=[[PLAY, Play [playerID=103, cards=[4♡, 9♣, 9♣]]]]
server.java processMessage() player=[Player [ID=104, name=444444]] data=[[PLAY, Play [playerID=104, cards=[6♢, 6♢]]]]
server.java message() player=[Player [ID=101, name=111111]] args=[[PLAY, Play [playerID=104, cards=[6♢, 6♢]]]]
server.java message() player=[Player [ID=102, name=222222]] args=[[PLAY, Play [playerID=104, cards=[6♢, 6♢]]]]
server.java message() player=[Player [ID=103, name=333333]] args=[[PLAY, Play [playerID=104, cards=[6♢, 6♢]]]]
server.java message() player=[Player [ID=104, name=444444]] args=[[PLAY, Play [playerID=104, cards=[6♢, 6♢]]]]
server.java processMessage() player=[Player [ID=101, name=111111]] data=[[PLAY, Play [playerID=101, cards=[5♢, 8♢]]]]
server.java message() player=[Player [ID=101, name=111111]] args=[[PLAY, Play [playerID=101, cards=[5♢, 8♢]]]]
server.java message() player=[Player [ID=102, name=222222]] args=[[PLAY, Play [playerID=101, cards=[5♢, 8♢]]]]
server.java message() player=[Player [ID=103, name=333333]] args=[[PLAY, Play [playerID=101, cards=[5♢, 8♢]]]]
server.java message() player=[Player [ID=104, name=444444]] args=[[PLAY, Play [playerID=101, cards=[5♢, 8♢]]]]
server.java processMessage() player=[Player [ID=102, name=444444]] data=[[PLAY, Play [playerID=102, cards=[3♢, 3♢]]]]
server.java message() player=[Player [ID=101, name=111111]] args=[[PLAY, Play [playerID=102, cards=[3♢, 3♢]]]]
server.java message() player=[Player [ID=102, name=222222]] args=[[PLAY, Play [playerID=102, cards=[3♢, 3♢]]]]
server.java message() player=[Player [ID=103, name=333333]] args=[[PLAY, Play [playerID=102, cards=[3♢, 3♢]]]]
server.java message() player=[Player [ID=104, name=444444]] args=[[PLAY, Play [playerID=102, cards=[3♢, 3♢]]]]
server.java processMessage() player=[Player [ID=103, name=333333]]data=[[PLAY, Play [playerID=103, cards=[8♢, 7♢]]]]
server.java message() player=[Player [ID=101, name=111111]] args=[[PLAY, Play [playerID=103, cards=[8♢, 7♢]]]]
server.java message() player=[Player [ID=102, name=222222]] args=[[PLAY, Play [playerID=103, cards=[8♢, 7♢]]]]
server.java message() player=[Player [ID=103, name=333333]] args=[[PLAY, Play [playerID=103, cards=[8♢, 7♢]]]]
server.java message() player=[Player [ID=104, name=444444]] args=[[PLAY, Play [playerID=103, cards=[8♢, 7♢]]]]
server.java processMessage() player=[Player [ID=104, name=444444]] data=[[PLAY, Play [playerID=104, cards=[10♡]]]]
server.java message() player=[Player [ID=101, name=111111]] args=[[PLAY, Play [playerID=104, cards=[10♡]]]]
server.java message() player=[Player [ID=102, name=222222]] args=[[PLAY, Play [playerID=104, cards=[10♡]]]]
server.java message() player=[Player [ID=103, name=333333]] args=[[PLAY, Play [playerID=104, cards=[10♡]]]]
server.java message() player=[Player [ID=104, name=444444]] args=[[PLAY, Play [playerID=104, cards=[10♡]]]]
server.java processMessage() player=[Player [ID=101, name=111111]] data=[[PLAY, Play [playerID=101, cards=[Q♡]]]]
server.java message() player=[Player [ID=101, name=111111]] args=[[PLAY, Play [playerID=101, cards=[Q♡]]]]
server.java message() player=[Player [ID=102, name=222222]] args=[[PLAY, Play [playerID=101, cards=[Q♡]]]]
server.java message() player=[Player [ID=103, name=333333]] args=[[PLAY, Play [playerID=101, cards=[Q♡]]]]
server.java message() player=[Player [ID=104, name=444444]] args=[[PLAY, Play [playerID=101, cards=[Q♡]]]]
server.java processMessage() player=[Player [ID=102, name=444444]] data=[[PLAY, Play [playerID=102, cards=[K♠]]]]
server.java message() player=[Player [ID=101, name=111111]] args=[[PLAY, Play [playerID=102, cards=[K♠]]]]
server.java message() player=[Player [ID=102, name=222222]] args=[[PLAY, Play [playerID=102, cards=[K♠]]]]
server.java message() player=[Player [ID=103, name=333333]] args=[[PLAY, Play [playerID=102, cards=[K♠]]]]
server.java message() player=[Player [ID=104, name=444444]] args=[[PLAY, Play [playerID=102, cards=[K♠]]]]
server.java processMessage() player=[Player [ID=103, name=333333]]data=[[PLAY, Play [playerID=103, cards=[J♡]]]]
server.java message() player=[Player [ID=101, name=111111]] args=[[PLAY, Play [playerID=103, cards=[J♡]]]]
server.java message() player=[Player [ID=102, name=222222]] args=[[PLAY, Play [playerID=103, cards=[J♡]]]]
server.java message() player=[Player [ID=103, name=333333]] args=[[PLAY, Play [playerID=103, cards=[J♡]]]]
server.java message() player=[Player [ID=104, name=444444]] args=[[PLAY, Play [playerID=103, cards=[J♡]]]]
server.java processMessage() player=[Player [ID=102, name=444444]] data=[[PLAY, Play [playerID=102, cards=[4♠]]]]
server.java message() player=[Player [ID=101, name=111111]] args=[[PLAY, Play [playerID=102, cards=[4♠]]]]
server.java message() player=[Player [ID=102, name=222222]] args=[[PLAY, Play [playerID=102, cards=[4♠]]]]
server.java message() player=[Player [ID=103, name=333333]] args=[[PLAY, Play [playerID=102, cards=[4♠]]]]
server.java message() player=[Player [ID=104, name=444444]] args=[[PLAY, Play [playerID=102, cards=[4♠]]]]
server.java processMessage() player=[Player [ID=103, name=333333]]data=[[PLAY, Play [playerID=103, cards=[2♢]]]]
server.java message() player=[Player [ID=101, name=111111]] args=[[PLAY, Play [playerID=103, cards=[2♢]]]]
server.java message() player=[Player [ID=102, name=222222]] args=[[PLAY, Play [playerID=103, cards=[2♢]]]]
server.java message() player=[Player [ID=103, name=333333]] args=[[PLAY, Play [playerID=103, cards=[2♢]]]]
server.java message() player=[Player [ID=104, name=444444]] args=[[PLAY, Play [playerID=103, cards=[2♢]]]]
server.java processMessage() player=[Player [ID=104, name=444444]] data=[[PLAY, Play [playerID=104, cards=[3♠]]]]
server.java message() player=[Player [ID=101, name=111111]] args=[[PLAY, Play [playerID=104, cards=[3♠]]]]
server.java message() player=[Player [ID=102, name=222222]] args=[[PLAY, Play [playerID=104, cards=[3♠]]]]
server.java message() player=[Player [ID=103, name=333333]] args=[[PLAY, Play [playerID=104, cards=[3♠]]]]
server.java message() player=[Player [ID=104, name=444444]] args=[[PLAY, Play [playerID=104, cards=[3♠]]]]
server.java processMessage() player=[Player [ID=101, name=111111]] data=[[PLAY, Play [playerID=101, cards=[A♠]]]]
server.java message() player=[Player [ID=101, name=111111]] args=[[PLAY, Play [playerID=101, cards=[A♠]]]]
server.java message() player=[Player [ID=102, name=222222]] args=[[PLAY, Play [playerID=101, cards=[A♠]]]]
server.java message() player=[Player [ID=103, name=333333]] args=[[PLAY, Play [playerID=101, cards=[A♠]]]]
server.java message() player=[Player [ID=104, name=444444]] args=[[PLAY, Play [playerID=101, cards=[A♠]]]]
server.java processMessage() player=[Player [ID=103, name=333333]]data=[[PLAY, Play [playerID=103, cards=[K♢]]]]
server.java message() player=[Player [ID=101, name=111111]] args=[[PLAY, Play [playerID=103, cards=[K♢]]]]
server.java message() player=[Player [ID=102, name=222222]] args=[[PLAY, Play [playerID=103, cards=[K♢]]]]
server.java message() player=[Player [ID=103, name=333333]] args=[[PLAY, Play [playerID=103, cards=[K♢]]]]
server.java message() player=[Player [ID=104, name=444444]] args=[[PLAY, Play [playerID=103, cards=[K♢]]]]
server.java processMessage() player=[Player [ID=104, name=444444]] data=[[PLAY, Play [playerID=104, cards=[Q♢]]]]
server.java message() player=[Player [ID=101, name=111111]] args=[[PLAY, Play [playerID=104, cards=[Q♢]]]]
server.java message() player=[Player [ID=102, name=222222]] args=[[PLAY, Play [playerID=104, cards=[Q♢]]]]
server.java message() player=[Player [ID=103, name=333333]] args=[[PLAY, Play [playerID=104, cards=[Q♢]]]]
server.java message() player=[Player [ID=104, name=444444]] args=[[PLAY, Play [playerID=104, cards=[Q♢]]]]
server.java processMessage() player=[Player [ID=101, name=111111]] data=[[PLAY, Play [playerID=101, cards=[10♢]]]]
server.java message() player=[Player [ID=101, name=111111]] args=[[PLAY, Play [playerID=101, cards=[10♢]]]]
server.java message() player=[Player [ID=102, name=222222]] args=[[PLAY, Play [playerID=101, cards=[10♢]]]]
server.java message() player=[Player [ID=103, name=333333]] args=[[PLAY, Play [playerID=101, cards=[10♢]]]]
server.java message() player=[Player [ID=104, name=444444]] args=[[PLAY, Play [playerID=101, cards=[10♢]]]]
server.java processMessage() player=[Player [ID=102, name=444444]] data=[[PLAY, Play [playerID=102, cards=[5♠]]]]
server.java message() player=[Player [ID=101, name=111111]] args=[[PLAY, Play [playerID=102, cards=[5♠]]]]
server.java message() player=[Player [ID=102, name=222222]] args=[[PLAY, Play [playerID=102, cards=[5♠]]]]
server.java message() player=[Player [ID=103, name=333333]] args=[[PLAY, Play [playerID=102, cards=[5♠]]]]
server.java message() player=[Player [ID=104, name=444444]] args=[[PLAY, Play [playerID=102, cards=[5♠]]]]
server.java processMessage() player=[Player [ID=102, name=444444]] data=[[PLAY, Play [playerID=102, cards=[J♠, J♠]]]]
server.java message() player=[Player [ID=101, name=111111]] args=[[PLAY, Play [playerID=102, cards=[J♠, J♠]]]]
server.java message() player=[Player [ID=102, name=222222]] args=[[PLAY, Play [playerID=102, cards=[J♠, J♠]]]]
server.java message() player=[Player [ID=103, name=333333]] args=[[PLAY, Play [playerID=102, cards=[J♠, J♠]]]]
server.java message() player=[Player [ID=104, name=444444]] args=[[PLAY, Play [playerID=102, cards=[J♠, J♠]]]]
server.java processMessage() player=[Player [ID=103, name=333333]]data=[[PLAY, Play [playerID=103, cards=[3♠, 4♠]]]]
server.java message() player=[Player [ID=101, name=111111]] args=[[PLAY, Play [playerID=103, cards=[3♠, 4♠]]]]
server.java message() player=[Player [ID=102, name=222222]] args=[[PLAY, Play [playerID=103, cards=[3♠, 4♠]]]]
server.java message() player=[Player [ID=103, name=333333]] args=[[PLAY, Play [playerID=103, cards=[3♠, 4♠]]]]
server.java message() player=[Player [ID=104, name=444444]] args=[[PLAY, Play [playerID=103, cards=[3♠, 4♠]]]]
server.java processMessage() player=[Player [ID=104, name=444444]] data=[[PLAY, Play [playerID=104, cards=[K♠, 10♠]]]]
server.java message() player=[Player [ID=101, name=111111]] args=[[PLAY, Play [playerID=104, cards=[K♠, 10♠]]]]
server.java message() player=[Player [ID=102, name=222222]] args=[[PLAY, Play [playerID=104, cards=[K♠, 10♠]]]]
server.java message() player=[Player [ID=103, name=333333]] args=[[PLAY, Play [playerID=104, cards=[K♠, 10♠]]]]
server.java message() player=[Player [ID=104, name=444444]] args=[[PLAY, Play [playerID=104, cards=[K♠, 10♠]]]]
server.java processMessage() player=[Player [ID=101, name=111111]] data=[[PLAY, Play [playerID=101, cards=[2♢, Q♠]]]]
server.java message() player=[Player [ID=101, name=111111]] args=[[PLAY, Play [playerID=101, cards=[2♢, Q♠]]]]
server.java message() player=[Player [ID=102, name=222222]] args=[[PLAY, Play [playerID=101, cards=[2♢, Q♠]]]]
server.java message() player=[Player [ID=103, name=333333]] args=[[PLAY, Play [playerID=101, cards=[2♢, Q♠]]]]
server.java message() player=[Player [ID=104, name=444444]] args=[[PLAY, Play [playerID=101, cards=[2♢, Q♠]]]]
server.java processMessage() player=[Player [ID=102, name=444444]] data=[[PLAY, Play [playerID=102, cards=[8♠, 8♠]]]]
server.java message() player=[Player [ID=101, name=111111]] args=[[PLAY, Play [playerID=102, cards=[8♠, 8♠]]]]
server.java message() player=[Player [ID=102, name=222222]] args=[[PLAY, Play [playerID=102, cards=[8♠, 8♠]]]]
server.java message() player=[Player [ID=103, name=333333]] args=[[PLAY, Play [playerID=102, cards=[8♠, 8♠]]]]
server.java message() player=[Player [ID=104, name=444444]] args=[[PLAY, Play [playerID=102, cards=[8♠, 8♠]]]]
server.java processMessage() player=[Player [ID=103, name=333333]]data=[[PLAY, Play [playerID=103, cards=[7♠, 9♠]]]]
server.java message() player=[Player [ID=101, name=111111]] args=[[PLAY, Play [playerID=103, cards=[7♠, 9♠]]]]
server.java message() player=[Player [ID=102, name=222222]] args=[[PLAY, Play [playerID=103, cards=[7♠, 9♠]]]]
server.java message() player=[Player [ID=103, name=333333]] args=[[PLAY, Play [playerID=103, cards=[7♠, 9♠]]]]
server.java message() player=[Player [ID=104, name=444444]] args=[[PLAY, Play [playerID=103, cards=[7♠, 9♠]]]]
server.java processMessage() player=[Player [ID=104, name=444444]] data=[[PLAY, Play [playerID=104, cards=[6♠, 9♠]]]]
server.java message() player=[Player [ID=101, name=111111]] args=[[PLAY, Play [playerID=104, cards=[6♠, 9♠]]]]
server.java message() player=[Player [ID=102, name=222222]] args=[[PLAY, Play [playerID=104, cards=[6♠, 9♠]]]]
server.java message() player=[Player [ID=103, name=333333]] args=[[PLAY, Play [playerID=104, cards=[6♠, 9♠]]]]
server.java message() player=[Player [ID=104, name=444444]] args=[[PLAY, Play [playerID=104, cards=[6♠, 9♠]]]]
server.java processMessage() player=[Player [ID=101, name=111111]] data=[[PLAY, Play [playerID=101, cards=[2♡, 2♣]]]]
server.java message() player=[Player [ID=101, name=111111]] args=[[PLAY, Play [playerID=101, cards=[2♡, 2♣]]]]
server.java message() player=[Player [ID=102, name=222222]] args=[[PLAY, Play [playerID=101, cards=[2♡, 2♣]]]]
server.java message() player=[Player [ID=103, name=333333]] args=[[PLAY, Play [playerID=101, cards=[2♡, 2♣]]]]
server.java message() player=[Player [ID=104, name=444444]] args=[[PLAY, Play [playerID=101, cards=[2♡, 2♣]]]]
server.java processMessage() player=[Player [ID=102, name=444444]] data=[[PLAY, Play [playerID=102, cards=[Small Joker*, Small Joker*, Big Joker*]]]]
server.java message() player=[Player [ID=101, name=111111]] args=[[PLAY, Play [playerID=102, cards=[Small Joker*, Small Joker*, Big Joker*]]]]
server.java message() player=[Player [ID=102, name=222222]] args=[[PLAY, Play [playerID=102, cards=[Small Joker*, Small Joker*, Big Joker*]]]]
server.java message() player=[Player [ID=103, name=333333]] args=[[PLAY, Play [playerID=102, cards=[Small Joker*, Small Joker*, Big Joker*]]]]
server.java message() player=[Player [ID=104, name=444444]] args=[[PLAY, Play [playerID=102, cards=[Small Joker*, Small Joker*, Big Joker*]]]]
server.java processMessage() player=[Player [ID=103, name=333333]]data=[[PLAY, Play [playerID=103, cards=[5♠, 2♠, 6♠]]]]
server.java message() player=[Player [ID=101, name=111111]] args=[[PLAY, Play [playerID=103, cards=[5♠, 2♠, 6♠]]]]
server.java message() player=[Player [ID=102, name=222222]] args=[[PLAY, Play [playerID=103, cards=[5♠, 2♠, 6♠]]]]
server.java message() player=[Player [ID=103, name=333333]] args=[[PLAY, Play [playerID=103, cards=[5♠, 2♠, 6♠]]]]
server.java message() player=[Player [ID=104, name=444444]] args=[[PLAY, Play [playerID=103, cards=[5♠, 2♠, 6♠]]]]
server.java processMessage() player=[Player [ID=104, name=444444]] data=[[PLAY, Play [playerID=104, cards=[2♣, 5♣, J♣]]]]
server.java message() player=[Player [ID=101, name=111111]] args=[[PLAY, Play [playerID=104, cards=[2♣, 5♣, J♣]]]]
server.java message() player=[Player [ID=102, name=222222]] args=[[PLAY, Play [playerID=104, cards=[2♣, 5♣, J♣]]]]
server.java message() player=[Player [ID=103, name=333333]] args=[[PLAY, Play [playerID=104, cards=[2♣, 5♣, J♣]]]]
server.java message() player=[Player [ID=104, name=444444]] args=[[PLAY, Play [playerID=104, cards=[2♣, 5♣, J♣]]]]
server.java processMessage() player=[Player [ID=101, name=111111]] data=[[PLAY, Play [playerID=101, cards=[Big Joker*, 6♡, K♣]]]]
server.java message() player=[Player [ID=101, name=111111]] args=[[PLAY, Play [playerID=101, cards=[Big Joker*, 6♡, K♣]]]]
server.java message() player=[Player [ID=102, name=222222]] args=[[PLAY, Play [playerID=101, cards=[Big Joker*, 6♡, K♣]]]]
server.java message() player=[Player [ID=103, name=333333]] args=[[PLAY, Play [playerID=101, cards=[Big Joker*, 6♡, K♣]]]]
server.java message() player=[Player [ID=104, name=444444]] args=[[PLAY, Play [playerID=101, cards=[Big Joker*, 6♡, K♣]]]]
server.java processMessage() player=[Player [ID=102, name=444444]] data=[[PLAY, Play [playerID=102, cards=[2♠, 7♠, Q♠, 2♡, A♠]]]]
server.java message() player=[Player [ID=101, name=111111]] args=[[PLAY, Play [playerID=102, cards=[2♠, 7♠, Q♠, 2♡, A♠]]]]
server.java message() player=[Player [ID=102, name=222222]] args=[[PLAY, Play [playerID=102, cards=[2♠, 7♠, Q♠, 2♡, A♠]]]]
server.java message() player=[Player [ID=103, name=333333]] args=[[PLAY, Play [playerID=102, cards=[2♠, 7♠, Q♠, 2♡, A♠]]]]
server.java message() player=[Player [ID=104, name=444444]] args=[[PLAY, Play [playerID=102, cards=[2♠, 7♠, Q♠, 2♡, A♠]]]]
server.java processMessage() player=[Player [ID=103, name=333333]]data=[[PLAY, Play [playerID=103, cards=[4♢, 5♢, 9♢, 8♡, K♡]]]]
server.java message() player=[Player [ID=101, name=111111]] args=[[PLAY, Play [playerID=103, cards=[4♢, 5♢, 9♢, 8♡, K♡]]]]
server.java message() player=[Player [ID=102, name=222222]] args=[[PLAY, Play [playerID=103, cards=[4♢, 5♢, 9♢, 8♡, K♡]]]]
server.java message() player=[Player [ID=103, name=333333]] args=[[PLAY, Play [playerID=103, cards=[4♢, 5♢, 9♢, 8♡, K♡]]]]
server.java message() player=[Player [ID=104, name=444444]] args=[[PLAY, Play [playerID=103, cards=[4♢, 5♢, 9♢, 8♡, K♡]]]]
server.java processMessage() player=[Player [ID=104, name=444444]] data=[[PLAY, Play [playerID=104, cards=[7♣, J♢, Q♡, 7♡, J♡]]]]
server.java message() player=[Player [ID=101, name=111111]] args=[[PLAY, Play [playerID=104, cards=[7♣, J♢, Q♡, 7♡, J♡]]]]
server.java message() player=[Player [ID=102, name=222222]] args=[[PLAY, Play [playerID=104, cards=[7♣, J♢, Q♡, 7♡, J♡]]]]
server.java message() player=[Player [ID=103, name=333333]] args=[[PLAY, Play [playerID=104, cards=[7♣, J♢, Q♡, 7♡, J♡]]]]
server.java message() player=[Player [ID=104, name=444444]] args=[[PLAY, Play [playerID=104, cards=[7♣, J♢, Q♡, 7♡, J♡]]]]
server.java processMessage() player=[Player [ID=101, name=111111]] data=[[PLAY, Play [playerID=101, cards=[7♡, 8♡, A♢, 9♡, Q♢]]]]
server.java message() player=[Player [ID=101, name=111111]] args=[[PLAY, Play [playerID=101, cards=[7♡, 8♡, A♢, 9♡, Q♢]]]]
server.java message() player=[Player [ID=102, name=222222]] args=[[PLAY, Play [playerID=101, cards=[7♡, 8♡, A♢, 9♡, Q♢]]]]
server.java message() player=[Player [ID=103, name=333333]] args=[[PLAY, Play [playerID=101, cards=[7♡, 8♡, A♢, 9♡, Q♢]]]]
server.java message() player=[Player [ID=104, name=444444]] args=[[PLAY, Play [playerID=101, cards=[7♡, 8♡, A♢, 9♡, Q♢]]]]
server.java processMessage() player=[Player [ID=101, name=111111]] data=[[STARTROUND]]

server.java message() player=[Player [ID=101, name=111111]] args=[[STARTROUND, 1552028845988]]
server.java message() player=[Player [ID=102, name=222222]] args=[[STARTROUND, 1552028845988]]
server.java message() player=[Player [ID=103, name=333333]] args=[[STARTROUND, 1552028845988]]
server.java message() player=[Player [ID=104, name=444444]] args=[[STARTROUND, 1552028845988]]

server.java message() player=[Player [ID=101, name=111111]] args=[[DRAW, 104]]
server.java message() player=[Player [ID=102, name=222222]] args=[[DRAW, 104]]
server.java message() player=[Player [ID=103, name=333333]] args=[[DRAW, 104]]
server.java message() player=[Player [ID=104, name=444444]] args=[[DRAW, 104]]
likai
server.java message() player=[Player [ID=101, name=111111]] args=[[DRAW, 102]]
server.java message() player=[Player [ID=102, name=222222]] args=[[DRAW, 102]]
server.java message() player=[Player [ID=103, name=333333]] args=[[DRAW, 102]]
server.java message() player=[Player [ID=104, name=444444]] args=[[DRAW, 102]]
server.java message() player=[Player [ID=101, name=111111]] args=[[DRAW, 103]]
server.java message() player=[Player [ID=102, name=222222]] args=[[DRAW, 103]]
server.java message() player=[Player [ID=103, name=333333]] args=[[DRAW, 103]]
server.java message() player=[Player [ID=104, name=444444]] args=[[DRAW, 103]]

server.java processMessage() player=[Player [ID=102, name=444444]] data=[[SHOW, Play [playerID=102, cards=[4♡]]]]
server.java message() player=[Player [ID=101, name=111111]] args=[[SHOW, Play [playerID=102, cards=[4♡]]]]
server.java message() player=[Player [ID=102, name=222222]] args=[[SHOW, Play [playerID=102, cards=[4♡]]]]
server.java message() player=[Player [ID=103, name=333333]] args=[[SHOW, Play [playerID=102, cards=[4♡]]]]
server.java message() player=[Player [ID=104, name=444444]] args=[[SHOW, Play [playerID=102, cards=[4♡]]]]

server.java message() player=[Player [ID=101, name=111111]] args=[[TAKEKITTY]]
server.java message() player=[Player [ID=102, name=222222]] args=[[TAKEKITTY]]
server.java message() player=[Player [ID=103, name=333333]] args=[[TAKEKITTY]]
server.java message() player=[Player [ID=104, name=444444]] args=[[TAKEKITTY]]

server.java processMessage() player=[Player [ID=104, name=444444]] data=[[MAKEKITTY, Play [playerID=104, cards=[5♠, 6♢, 7♢, 9♠, 3♢, 5♢, 8♠, 8♢]]]]
server.java message() player=[Player [ID=101, name=111111]] args=[[MAKEKITTY, Play [playerID=104, cards=[5♠, 6♢, 7♢, 9♠, 3♢, 5♢, 8♠, 8♢]]]]
server.java message() player=[Player [ID=102, name=222222]] args=[[MAKEKITTY, Play [playerID=104, cards=[5♠, 6♢, 7♢, 9♠, 3♢, 5♢, 8♠, 8♢]]]]
server.java message() player=[Player [ID=103, name=333333]] args=[[MAKEKITTY, Play [playerID=104, cards=[5♠, 6♢, 7♢, 9♠, 3♢, 5♢, 8♠, 8♢]]]]
server.java message() player=[Player [ID=104, name=444444]] args=[[MAKEKITTY, Play [playerID=104, cards=[5♠, 6♢, 7♢, 9♠, 3♢, 5♢, 8♠, 8♢]]]]
server.java processMessage() player=[Player [ID=104, name=444444]] data=[[PLAY, Play [playerID=104, cards=[10♣, J♣, A♣, 10♣, J♣]]]]
server.java message() player=[Player [ID=104, name=444444]] args=[[NOTIFICATION, Invalid special play.]]
server.java message() player=[Player [ID=101, name=111111]] args=[[PLAY, Play [playerID=104, cards=[10♣, 10♣]]]]
server.java message() player=[Player [ID=102, name=222222]] args=[[PLAY, Play [playerID=104, cards=[10♣, 10♣]]]]
server.java message() player=[Player [ID=103, name=333333]] args=[[PLAY, Play [playerID=104, cards=[10♣, 10♣]]]]
server.java message() player=[Player [ID=104, name=444444]] args=[[PLAY, Play [playerID=104, cards=[10♣, 10♣]]]]
server.java processMessage() player=[Player [ID=101, name=111111]] data=[[PLAY, Play [playerID=101, cards=[9♣, 9♣]]]]
server.java message() player=[Player [ID=101, name=111111]] args=[[PLAY, Play [playerID=101, cards=[9♣, 9♣]]]]
server.java message() player=[Player [ID=102, name=222222]] args=[[PLAY, Play [playerID=101, cards=[9♣, 9♣]]]]
server.java message() player=[Player [ID=103, name=333333]] args=[[PLAY, Play [playerID=101, cards=[9♣, 9♣]]]]
server.java message() player=[Player [ID=104, name=444444]] args=[[PLAY, Play [playerID=101, cards=[9♣, 9♣]]]]
server.java processMessage() player=[Player [ID=102, name=444444]] data=[[PLAY, Play [playerID=102, cards=[8♣, 6♣]]]]
server.java message() player=[Player [ID=101, name=111111]] args=[[PLAY, Play [playerID=102, cards=[8♣, 6♣]]]]
server.java message() player=[Player [ID=102, name=222222]] args=[[PLAY, Play [playerID=102, cards=[8♣, 6♣]]]]
server.java message() player=[Player [ID=103, name=333333]] args=[[PLAY, Play [playerID=102, cards=[8♣, 6♣]]]]
server.java message() player=[Player [ID=104, name=444444]] args=[[PLAY, Play [playerID=102, cards=[8♣, 6♣]]]]
server.java processMessage() player=[Player [ID=103, name=333333]]data=[[PLAY, Play [playerID=103, cards=[Q♣, Q♣]]]]
server.java message() player=[Player [ID=101, name=111111]] args=[[PLAY, Play [playerID=103, cards=[Q♣, Q♣]]]]
server.java message() player=[Player [ID=102, name=222222]] args=[[PLAY, Play [playerID=103, cards=[Q♣, Q♣]]]]
server.java message() player=[Player [ID=103, name=333333]] args=[[PLAY, Play [playerID=103, cards=[Q♣, Q♣]]]]
server.java message() player=[Player [ID=104, name=444444]] args=[[PLAY, Play [playerID=103, cards=[Q♣, Q♣]]]]
server.java processMessage() player=[Player [ID=103, name=333333]]data=[[PLAY, Play [playerID=103, cards=[A♠]]]]
server.java message() player=[Player [ID=101, name=111111]] args=[[PLAY, Play [playerID=103, cards=[A♠]]]]
server.java message() player=[Player [ID=102, name=222222]] args=[[PLAY, Play [playerID=103, cards=[A♠]]]]
server.java message() player=[Player [ID=103, name=333333]] args=[[PLAY, Play [playerID=103, cards=[A♠]]]]
server.java message() player=[Player [ID=104, name=444444]] args=[[PLAY, Play [playerID=103, cards=[A♠]]]]
server.java processMessage() player=[Player [ID=104, name=444444]] data=[[PLAY, Play [playerID=104, cards=[A♠]]]]
server.java message() player=[Player [ID=101, name=111111]] args=[[PLAY, Play [playerID=104, cards=[A♠]]]]
server.java message() player=[Player [ID=102, name=222222]] args=[[PLAY, Play [playerID=104, cards=[A♠]]]]
server.java message() player=[Player [ID=103, name=333333]] args=[[PLAY, Play [playerID=104, cards=[A♠]]]]
server.java message() player=[Player [ID=104, name=444444]] args=[[PLAY, Play [playerID=104, cards=[A♠]]]]
server.java processMessage() player=[Player [ID=101, name=111111]] data=[[PLAY, Play [playerID=101, cards=[8♠]]]]
server.java message() player=[Player [ID=101, name=111111]] args=[[PLAY, Play [playerID=101, cards=[8♠]]]]
server.java message() player=[Player [ID=102, name=222222]] args=[[PLAY, Play [playerID=101, cards=[8♠]]]]
server.java message() player=[Player [ID=103, name=333333]] args=[[PLAY, Play [playerID=101, cards=[8♠]]]]
server.java message() player=[Player [ID=104, name=444444]] args=[[PLAY, Play [playerID=101, cards=[8♠]]]]
server.java processMessage() player=[Player [ID=102, name=444444]] data=[[PLAY, Play [playerID=102, cards=[5♠]]]]
server.java message() player=[Player [ID=101, name=111111]] args=[[PLAY, Play [playerID=102, cards=[5♠]]]]
server.java message() player=[Player [ID=102, name=222222]] args=[[PLAY, Play [playerID=102, cards=[5♠]]]]
server.java message() player=[Player [ID=103, name=333333]] args=[[PLAY, Play [playerID=102, cards=[5♠]]]]
server.java message() player=[Player [ID=104, name=444444]] args=[[PLAY, Play [playerID=102, cards=[5♠]]]]
server.java processMessage() player=[Player [ID=103, name=333333]]data=[[PLAY, Play [playerID=103, cards=[6♡]]]]
server.java message() player=[Player [ID=101, name=111111]] args=[[PLAY, Play [playerID=103, cards=[6♡]]]]
server.java message() player=[Player [ID=102, name=222222]] args=[[PLAY, Play [playerID=103, cards=[6♡]]]]
server.java message() player=[Player [ID=103, name=333333]] args=[[PLAY, Play [playerID=103, cards=[6♡]]]]
server.java message() player=[Player [ID=104, name=444444]] args=[[PLAY, Play [playerID=103, cards=[6♡]]]]
server.java processMessage() player=[Player [ID=104, name=444444]] data=[[PLAY, Play [playerID=104, cards=[Small Joker*]]]]
server.java message() player=[Player [ID=101, name=111111]] args=[[PLAY, Play [playerID=104, cards=[Small Joker*]]]]
server.java message() player=[Player [ID=102, name=222222]] args=[[PLAY, Play [playerID=104, cards=[Small Joker*]]]]
server.java message() player=[Player [ID=103, name=333333]] args=[[PLAY, Play [playerID=104, cards=[Small Joker*]]]]
server.java message() player=[Player [ID=104, name=444444]] args=[[PLAY, Play [playerID=104, cards=[Small Joker*]]]]
server.java processMessage() player=[Player [ID=101, name=111111]] data=[[PLAY, Play [playerID=101, cards=[7♡]]]]
server.java message() player=[Player [ID=101, name=111111]] args=[[PLAY, Play [playerID=101, cards=[7♡]]]]
server.java message() player=[Player [ID=102, name=222222]] args=[[PLAY, Play [playerID=101, cards=[7♡]]]]
server.java message() player=[Player [ID=103, name=333333]] args=[[PLAY, Play [playerID=101, cards=[7♡]]]]
server.java message() player=[Player [ID=104, name=444444]] args=[[PLAY, Play [playerID=101, cards=[7♡]]]]
server.java processMessage() player=[Player [ID=102, name=444444]] data=[[PLAY, Play [playerID=102, cards=[Big Joker*]]]]
server.java message() player=[Player [ID=101, name=111111]] args=[[PLAY, Play [playerID=102, cards=[Big Joker*]]]]
server.java message() player=[Player [ID=102, name=222222]] args=[[PLAY, Play [playerID=102, cards=[Big Joker*]]]]
server.java message() player=[Player [ID=103, name=333333]] args=[[PLAY, Play [playerID=102, cards=[Big Joker*]]]]
server.java message() player=[Player [ID=104, name=444444]] args=[[PLAY, Play [playerID=102, cards=[Big Joker*]]]]
server.java processMessage() player=[Player [ID=102, name=444444]] data=[[PLAY, Play [playerID=102, cards=[10♠, K♠, 10♠, K♠]]]]
server.java message() player=[Player [ID=101, name=111111]] args=[[PLAY, Play [playerID=102, cards=[10♠, K♠, 10♠, K♠]]]]
server.java message() player=[Player [ID=102, name=222222]] args=[[PLAY, Play [playerID=102, cards=[10♠, K♠, 10♠, K♠]]]]
server.java message() player=[Player [ID=103, name=333333]] args=[[PLAY, Play [playerID=102, cards=[10♠, K♠, 10♠, K♠]]]]
server.java message() player=[Player [ID=104, name=444444]] args=[[PLAY, Play [playerID=102, cards=[10♠, K♠, 10♠, K♠]]]]
server.java processMessage() player=[Player [ID=103, name=333333]]data=[[PLAY, Play [playerID=103, cards=[6♠, J♠, 3♠, 9♠]]]]
server.java message() player=[Player [ID=101, name=111111]] args=[[PLAY, Play [playerID=103, cards=[6♠, J♠, 3♠, 9♠]]]]
server.java message() player=[Player [ID=102, name=222222]] args=[[PLAY, Play [playerID=103, cards=[6♠, J♠, 3♠, 9♠]]]]
server.java message() player=[Player [ID=103, name=333333]] args=[[PLAY, Play [playerID=103, cards=[6♠, J♠, 3♠, 9♠]]]]
server.java message() player=[Player [ID=104, name=444444]] args=[[PLAY, Play [playerID=103, cards=[6♠, J♠, 3♠, 9♠]]]]
server.java processMessage() player=[Player [ID=104, name=444444]] data=[[PLAY, Play [playerID=104, cards=[2♡, 5♣, 6♣, J♢]]]]
server.java message() player=[Player [ID=101, name=111111]] args=[[PLAY, Play [playerID=104, cards=[2♡, 5♣, 6♣, J♢]]]]
server.java message() player=[Player [ID=102, name=222222]] args=[[PLAY, Play [playerID=104, cards=[2♡, 5♣, 6♣, J♢]]]]
server.java message() player=[Player [ID=103, name=333333]] args=[[PLAY, Play [playerID=104, cards=[2♡, 5♣, 6♣, J♢]]]]
server.java message() player=[Player [ID=104, name=444444]] args=[[PLAY, Play [playerID=104, cards=[2♡, 5♣, 6♣, J♢]]]]
server.java processMessage() player=[Player [ID=101, name=111111]] data=[[PLAY, Play [playerID=101, cards=[2♢, Q♠, 2♠, 6♠]]]]
server.java message() player=[Player [ID=101, name=111111]] args=[[PLAY, Play [playerID=101, cards=[2♢, Q♠, 2♠, 6♠]]]]
server.java message() player=[Player [ID=102, name=222222]] args=[[PLAY, Play [playerID=101, cards=[2♢, Q♠, 2♠, 6♠]]]]
server.java message() player=[Player [ID=103, name=333333]] args=[[PLAY, Play [playerID=101, cards=[2♢, Q♠, 2♠, 6♠]]]]
server.java message() player=[Player [ID=104, name=444444]] args=[[PLAY, Play [playerID=101, cards=[2♢, Q♠, 2♠, 6♠]]]]
server.java processMessage() player=[Player [ID=102, name=444444]] data=[[PLAY, Play [playerID=102, cards=[A♣]]]]
server.java message() player=[Player [ID=101, name=111111]] args=[[PLAY, Play [playerID=102, cards=[A♣]]]]
server.java message() player=[Player [ID=102, name=222222]] args=[[PLAY, Play [playerID=102, cards=[A♣]]]]
server.java message() player=[Player [ID=103, name=333333]] args=[[PLAY, Play [playerID=102, cards=[A♣]]]]
server.java message() player=[Player [ID=104, name=444444]] args=[[PLAY, Play [playerID=102, cards=[A♣]]]]
server.java processMessage() player=[Player [ID=103, name=333333]]data=[[PLAY, Play [playerID=103, cards=[7♣]]]]
server.java message() player=[Player [ID=101, name=111111]] args=[[PLAY, Play [playerID=103, cards=[7♣]]]]
server.java message() player=[Player [ID=102, name=222222]] args=[[PLAY, Play [playerID=103, cards=[7♣]]]]
server.java message() player=[Player [ID=103, name=333333]] args=[[PLAY, Play [playerID=103, cards=[7♣]]]]
server.java message() player=[Player [ID=104, name=444444]] args=[[PLAY, Play [playerID=103, cards=[7♣]]]]
server.java processMessage() player=[Player [ID=104, name=444444]] data=[[PLAY, Play [playerID=104, cards=[A♣]]]]
server.java message() player=[Player [ID=101, name=111111]] args=[[PLAY, Play [playerID=104, cards=[A♣]]]]
server.java message() player=[Player [ID=102, name=222222]] args=[[PLAY, Play [playerID=104, cards=[A♣]]]]
server.java message() player=[Player [ID=103, name=333333]] args=[[PLAY, Play [playerID=104, cards=[A♣]]]]
server.java message() player=[Player [ID=104, name=444444]] args=[[PLAY, Play [playerID=104, cards=[A♣]]]]
server.java processMessage() player=[Player [ID=101, name=111111]] data=[[PLAY, Play [playerID=101, cards=[7♣]]]]
server.java message() player=[Player [ID=101, name=111111]] args=[[PLAY, Play [playerID=101, cards=[7♣]]]]
server.java message() player=[Player [ID=102, name=222222]] args=[[PLAY, Play [playerID=101, cards=[7♣]]]]
server.java message() player=[Player [ID=103, name=333333]] args=[[PLAY, Play [playerID=101, cards=[7♣]]]]
server.java message() player=[Player [ID=104, name=444444]] args=[[PLAY, Play [playerID=101, cards=[7♣]]]]
server.java processMessage() player=[Player [ID=102, name=444444]] data=[[PLAY, Play [playerID=102, cards=[7♠, 7♠]]]]
server.java message() player=[Player [ID=101, name=111111]] args=[[PLAY, Play [playerID=102, cards=[7♠, 7♠]]]]
server.java message() player=[Player [ID=102, name=222222]] args=[[PLAY, Play [playerID=102, cards=[7♠, 7♠]]]]
server.java message() player=[Player [ID=103, name=333333]] args=[[PLAY, Play [playerID=102, cards=[7♠, 7♠]]]]
server.java message() player=[Player [ID=104, name=444444]] args=[[PLAY, Play [playerID=102, cards=[7♠, 7♠]]]]
server.java processMessage() player=[Player [ID=103, name=333333]]data=[[PLAY, Play [playerID=103, cards=[2♢, Q♠]]]]
server.java message() player=[Player [ID=101, name=111111]] args=[[PLAY, Play [playerID=103, cards=[2♢, Q♠]]]]
server.java message() player=[Player [ID=102, name=222222]] args=[[PLAY, Play [playerID=103, cards=[2♢, Q♠]]]]
server.java message() player=[Player [ID=103, name=333333]] args=[[PLAY, Play [playerID=103, cards=[2♢, Q♠]]]]
server.java message() player=[Player [ID=104, name=444444]] args=[[PLAY, Play [playerID=103, cards=[2♢, Q♠]]]]
server.java processMessage() player=[Player [ID=104, name=444444]] data=[[PLAY, Play [playerID=104, cards=[K♢, 10♢]]]]
server.java message() player=[Player [ID=101, name=111111]] args=[[PLAY, Play [playerID=104, cards=[K♢, 10♢]]]]
server.java message() player=[Player [ID=102, name=222222]] args=[[PLAY, Play [playerID=104, cards=[K♢, 10♢]]]]
server.java message() player=[Player [ID=103, name=333333]] args=[[PLAY, Play [playerID=104, cards=[K♢, 10♢]]]]
server.java message() player=[Player [ID=104, name=444444]] args=[[PLAY, Play [playerID=104, cards=[K♢, 10♢]]]]
server.java processMessage() player=[Player [ID=101, name=111111]] data=[[PLAY, Play [playerID=101, cards=[3♡, 3♡]]]]
server.java message() player=[Player [ID=101, name=111111]] args=[[PLAY, Play [playerID=101, cards=[3♡, 3♡]]]]
server.java message() player=[Player [ID=102, name=222222]] args=[[PLAY, Play [playerID=101, cards=[3♡, 3♡]]]]
server.java message() player=[Player [ID=103, name=333333]] args=[[PLAY, Play [playerID=101, cards=[3♡, 3♡]]]]
server.java message() player=[Player [ID=104, name=444444]] args=[[PLAY, Play [playerID=101, cards=[3♡, 3♡]]]]
server.java processMessage() player=[Player [ID=101, name=111111]] data=[[PLAY, Play [playerID=101, cards=[8♡]]]]
server.java message() player=[Player [ID=101, name=111111]] args=[[PLAY, Play [playerID=101, cards=[8♡]]]]
server.java message() player=[Player [ID=102, name=222222]] args=[[PLAY, Play [playerID=101, cards=[8♡]]]]
server.java message() player=[Player [ID=103, name=333333]] args=[[PLAY, Play [playerID=101, cards=[8♡]]]]
server.java message() player=[Player [ID=104, name=444444]] args=[[PLAY, Play [playerID=101, cards=[8♡]]]]
server.java processMessage() player=[Player [ID=102, name=444444]] data=[[PLAY, Play [playerID=102, cards=[2♡]]]]
server.java message() player=[Player [ID=101, name=111111]] args=[[PLAY, Play [playerID=102, cards=[2♡]]]]
server.java message() player=[Player [ID=102, name=222222]] args=[[PLAY, Play [playerID=102, cards=[2♡]]]]
server.java message() player=[Player [ID=103, name=333333]] args=[[PLAY, Play [playerID=102, cards=[2♡]]]]
server.java message() player=[Player [ID=104, name=444444]] args=[[PLAY, Play [playerID=102, cards=[2♡]]]]
server.java processMessage() player=[Player [ID=103, name=333333]]data=[[PLAY, Play [playerID=103, cards=[J♡]]]]
server.java message() player=[Player [ID=101, name=111111]] args=[[PLAY, Play [playerID=103, cards=[J♡]]]]
server.java message() player=[Player [ID=102, name=222222]] args=[[PLAY, Play [playerID=103, cards=[J♡]]]]
server.java message() player=[Player [ID=103, name=333333]] args=[[PLAY, Play [playerID=103, cards=[J♡]]]]
server.java message() player=[Player [ID=104, name=444444]] args=[[PLAY, Play [playerID=103, cards=[J♡]]]]
server.java processMessage() player=[Player [ID=104, name=444444]] data=[[PLAY, Play [playerID=104, cards=[A♡]]]]
server.java message() player=[Player [ID=101, name=111111]] args=[[PLAY, Play [playerID=104, cards=[A♡]]]]
server.java message() player=[Player [ID=102, name=222222]] args=[[PLAY, Play [playerID=104, cards=[A♡]]]]
server.java message() player=[Player [ID=103, name=333333]] args=[[PLAY, Play [playerID=104, cards=[A♡]]]]
server.java message() player=[Player [ID=104, name=444444]] args=[[PLAY, Play [playerID=104, cards=[A♡]]]]
server.java processMessage() player=[Player [ID=104, name=444444]] data=[[PLAY, Play [playerID=104, cards=[2♣, J♣, 2♣, J♣]]]]
server.java message() player=[Player [ID=104, name=444444]] args=[[NOTIFICATION, Invalid special play.]]
server.java message() player=[Player [ID=101, name=111111]] args=[[PLAY, Play [playerID=104, cards=[2♣, 2♣]]]]
server.java message() player=[Player [ID=102, name=222222]] args=[[PLAY, Play [playerID=104, cards=[2♣, 2♣]]]]
server.java message() player=[Player [ID=103, name=333333]] args=[[PLAY, Play [playerID=104, cards=[2♣, 2♣]]]]
server.java message() player=[Player [ID=104, name=444444]] args=[[PLAY, Play [playerID=104, cards=[2♣, 2♣]]]]
server.java processMessage() player=[Player [ID=101, name=111111]] data=[[PLAY, Play [playerID=101, cards=[K♣, 5♣]]]]
server.java message() player=[Player [ID=101, name=111111]] args=[[PLAY, Play [playerID=101, cards=[K♣, 5♣]]]]
server.java message() player=[Player [ID=102, name=222222]] args=[[PLAY, Play [playerID=101, cards=[K♣, 5♣]]]]
server.java message() player=[Player [ID=103, name=333333]] args=[[PLAY, Play [playerID=101, cards=[K♣, 5♣]]]]
server.java message() player=[Player [ID=104, name=444444]] args=[[PLAY, Play [playerID=101, cards=[K♣, 5♣]]]]
server.java processMessage() player=[Player [ID=102, name=444444]] data=[[PLAY, Play [playerID=102, cards=[2♠, K♣]]]]
server.java message() player=[Player [ID=101, name=111111]] args=[[PLAY, Play [playerID=102, cards=[2♠, K♣]]]]
server.java message() player=[Player [ID=102, name=222222]] args=[[PLAY, Play [playerID=102, cards=[2♠, K♣]]]]
server.java message() player=[Player [ID=103, name=333333]] args=[[PLAY, Play [playerID=102, cards=[2♠, K♣]]]]
server.java message() player=[Player [ID=104, name=444444]] args=[[PLAY, Play [playerID=102, cards=[2♠, K♣]]]]
server.java processMessage() player=[Player [ID=103, name=333333]]data=[[PLAY, Play [playerID=103, cards=[3♣, 3♣]]]]
server.java message() player=[Player [ID=101, name=111111]] args=[[PLAY, Play [playerID=103, cards=[3♣, 3♣]]]]
server.java message() player=[Player [ID=102, name=222222]] args=[[PLAY, Play [playerID=103, cards=[3♣, 3♣]]]]
server.java message() player=[Player [ID=103, name=333333]] args=[[PLAY, Play [playerID=103, cards=[3♣, 3♣]]]]
server.java message() player=[Player [ID=104, name=444444]] args=[[PLAY, Play [playerID=103, cards=[3♣, 3♣]]]]
server.java processMessage() player=[Player [ID=103, name=333333]]data=[[PLAY, Play [playerID=103, cards=[8♣]]]]
server.java message() player=[Player [ID=101, name=111111]] args=[[PLAY, Play [playerID=103, cards=[8♣]]]]
server.java message() player=[Player [ID=102, name=222222]] args=[[PLAY, Play [playerID=103, cards=[8♣]]]]
server.java message() player=[Player [ID=103, name=333333]] args=[[PLAY, Play [playerID=103, cards=[8♣]]]]
server.java message() player=[Player [ID=104, name=444444]] args=[[PLAY, Play [playerID=103, cards=[8♣]]]]
server.java processMessage() player=[Player [ID=104, name=444444]] data=[[PLAY, Play [playerID=104, cards=[J♣]]]]
server.java message() player=[Player [ID=101, name=111111]] args=[[PLAY, Play [playerID=104, cards=[J♣]]]]
server.java message() player=[Player [ID=102, name=222222]] args=[[PLAY, Play [playerID=104, cards=[J♣]]]]
server.java message() player=[Player [ID=103, name=333333]] args=[[PLAY, Play [playerID=104, cards=[J♣]]]]
server.java message() player=[Player [ID=104, name=444444]] args=[[PLAY, Play [playerID=104, cards=[J♣]]]]
server.java processMessage() player=[Player [ID=101, name=111111]] data=[[PLAY, Play [playerID=101, cards=[10♡]]]]
server.java message() player=[Player [ID=101, name=111111]] args=[[PLAY, Play [playerID=101, cards=[10♡]]]]
server.java message() player=[Player [ID=102, name=222222]] args=[[PLAY, Play [playerID=101, cards=[10♡]]]]
server.java message() player=[Player [ID=103, name=333333]] args=[[PLAY, Play [playerID=101, cards=[10♡]]]]
server.java message() player=[Player [ID=104, name=444444]] args=[[PLAY, Play [playerID=101, cards=[10♡]]]]
server.java processMessage() player=[Player [ID=102, name=444444]] data=[[PLAY, Play [playerID=102, cards=[A♡]]]]
server.java message() player=[Player [ID=101, name=111111]] args=[[PLAY, Play [playerID=102, cards=[A♡]]]]
server.java message() player=[Player [ID=102, name=222222]] args=[[PLAY, Play [playerID=102, cards=[A♡]]]]
server.java message() player=[Player [ID=103, name=333333]] args=[[PLAY, Play [playerID=102, cards=[A♡]]]]
server.java message() player=[Player [ID=104, name=444444]] args=[[PLAY, Play [playerID=102, cards=[A♡]]]]
server.java processMessage() player=[Player [ID=102, name=444444]] data=[[PLAY, Play [playerID=102, cards=[Q♢]]]]
server.java message() player=[Player [ID=101, name=111111]] args=[[PLAY, Play [playerID=102, cards=[Q♢]]]]
server.java message() player=[Player [ID=102, name=222222]] args=[[PLAY, Play [playerID=102, cards=[Q♢]]]]
server.java message() player=[Player [ID=103, name=333333]] args=[[PLAY, Play [playerID=102, cards=[Q♢]]]]
server.java message() player=[Player [ID=104, name=444444]] args=[[PLAY, Play [playerID=102, cards=[Q♢]]]]
server.java processMessage() player=[Player [ID=103, name=333333]]data=[[PLAY, Play [playerID=103, cards=[7♢]]]]
server.java message() player=[Player [ID=101, name=111111]] args=[[PLAY, Play [playerID=103, cards=[7♢]]]]
server.java message() player=[Player [ID=102, name=222222]] args=[[PLAY, Play [playerID=103, cards=[7♢]]]]
server.java message() player=[Player [ID=103, name=333333]] args=[[PLAY, Play [playerID=103, cards=[7♢]]]]
server.java message() player=[Player [ID=104, name=444444]] args=[[PLAY, Play [playerID=103, cards=[7♢]]]]
server.java processMessage() player=[Player [ID=104, name=444444]] data=[[PLAY, Play [playerID=104, cards=[A♢]]]]
server.java message() player=[Player [ID=101, name=111111]] args=[[PLAY, Play [playerID=104, cards=[A♢]]]]
server.java message() player=[Player [ID=102, name=222222]] args=[[PLAY, Play [playerID=104, cards=[A♢]]]]
server.java message() player=[Player [ID=103, name=333333]] args=[[PLAY, Play [playerID=104, cards=[A♢]]]]
server.java message() player=[Player [ID=104, name=444444]] args=[[PLAY, Play [playerID=104, cards=[A♢]]]]
server.java processMessage() player=[Player [ID=101, name=111111]] data=[[PLAY, Play [playerID=101, cards=[8♢]]]]
server.java message() player=[Player [ID=101, name=111111]] args=[[PLAY, Play [playerID=101, cards=[8♢]]]]
server.java message() player=[Player [ID=102, name=222222]] args=[[PLAY, Play [playerID=101, cards=[8♢]]]]
server.java message() player=[Player [ID=103, name=333333]] args=[[PLAY, Play [playerID=101, cards=[8♢]]]]
server.java message() player=[Player [ID=104, name=444444]] args=[[PLAY, Play [playerID=101, cards=[8♢]]]]
server.java processMessage() player=[Player [ID=104, name=444444]] data=[[PLAY, Play [playerID=104, cards=[Q♡, Q♡]]]]
server.java message() player=[Player [ID=101, name=111111]] args=[[PLAY, Play [playerID=104, cards=[Q♡, Q♡]]]]
server.java message() player=[Player [ID=102, name=222222]] args=[[PLAY, Play [playerID=104, cards=[Q♡, Q♡]]]]
server.java message() player=[Player [ID=103, name=333333]] args=[[PLAY, Play [playerID=104, cards=[Q♡, Q♡]]]]
server.java message() player=[Player [ID=104, name=444444]] args=[[PLAY, Play [playerID=104, cards=[Q♡, Q♡]]]]
server.java processMessage() player=[Player [ID=101, name=111111]] data=[[PLAY, Play [playerID=101, cards=[4♢, 4♢]]]]
server.java message() player=[Player [ID=101, name=111111]] args=[[PLAY, Play [playerID=101, cards=[4♢, 4♢]]]]
server.java message() player=[Player [ID=102, name=222222]] args=[[PLAY, Play [playerID=101, cards=[4♢, 4♢]]]]
server.java message() player=[Player [ID=103, name=333333]] args=[[PLAY, Play [playerID=101, cards=[4♢, 4♢]]]]
server.java message() player=[Player [ID=104, name=444444]] args=[[PLAY, Play [playerID=101, cards=[4♢, 4♢]]]]
server.java processMessage() player=[Player [ID=102, name=444444]] data=[[PLAY, Play [playerID=102, cards=[7♡, 9♡]]]]
server.java message() player=[Player [ID=101, name=111111]] args=[[PLAY, Play [playerID=102, cards=[7♡, 9♡]]]]
server.java message() player=[Player [ID=102, name=222222]] args=[[PLAY, Play [playerID=102, cards=[7♡, 9♡]]]]
server.java message() player=[Player [ID=103, name=333333]] args=[[PLAY, Play [playerID=102, cards=[7♡, 9♡]]]]
server.java message() player=[Player [ID=104, name=444444]] args=[[PLAY, Play [playerID=102, cards=[7♡, 9♡]]]]
server.java processMessage() player=[Player [ID=103, name=333333]]data=[[PLAY, Play [playerID=103, cards=[5♡, K♡]]]]
server.java message() player=[Player [ID=101, name=111111]] args=[[PLAY, Play [playerID=103, cards=[5♡, K♡]]]]
server.java message() player=[Player [ID=102, name=222222]] args=[[PLAY, Play [playerID=103, cards=[5♡, K♡]]]]
server.java message() player=[Player [ID=103, name=333333]] args=[[PLAY, Play [playerID=103, cards=[5♡, K♡]]]]
server.java message() player=[Player [ID=104, name=444444]] args=[[PLAY, Play [playerID=103, cards=[5♡, K♡]]]]
server.java processMessage() player=[Player [ID=101, name=111111]] data=[[PLAY, Play [playerID=101, cards=[9♢]]]]
server.java message() player=[Player [ID=101, name=111111]] args=[[PLAY, Play [playerID=101, cards=[9♢]]]]
server.java message() player=[Player [ID=102, name=222222]] args=[[PLAY, Play [playerID=101, cards=[9♢]]]]
server.java message() player=[Player [ID=103, name=333333]] args=[[PLAY, Play [playerID=101, cards=[9♢]]]]
server.java message() player=[Player [ID=104, name=444444]] args=[[PLAY, Play [playerID=101, cards=[9♢]]]]
server.java processMessage() player=[Player [ID=102, name=444444]] data=[[PLAY, Play [playerID=102, cards=[J♢]]]]
server.java message() player=[Player [ID=101, name=111111]] args=[[PLAY, Play [playerID=102, cards=[J♢]]]]
server.java message() player=[Player [ID=102, name=222222]] args=[[PLAY, Play [playerID=102, cards=[J♢]]]]
server.java message() player=[Player [ID=103, name=333333]] args=[[PLAY, Play [playerID=102, cards=[J♢]]]]
server.java message() player=[Player [ID=104, name=444444]] args=[[PLAY, Play [playerID=102, cards=[J♢]]]]
server.java processMessage() player=[Player [ID=103, name=333333]]data=[[PLAY, Play [playerID=103, cards=[Q♢]]]]
server.java message() player=[Player [ID=101, name=111111]] args=[[PLAY, Play [playerID=103, cards=[Q♢]]]]
server.java message() player=[Player [ID=102, name=222222]] args=[[PLAY, Play [playerID=103, cards=[Q♢]]]]
server.java message() player=[Player [ID=103, name=333333]] args=[[PLAY, Play [playerID=103, cards=[Q♢]]]]
server.java message() player=[Player [ID=104, name=444444]] args=[[PLAY, Play [playerID=103, cards=[Q♢]]]]
server.java processMessage() player=[Player [ID=104, name=444444]] data=[[PLAY, Play [playerID=104, cards=[A♢]]]]
server.java message() player=[Player [ID=101, name=111111]] args=[[PLAY, Play [playerID=104, cards=[A♢]]]]
server.java message() player=[Player [ID=102, name=222222]] args=[[PLAY, Play [playerID=104, cards=[A♢]]]]
server.java message() player=[Player [ID=103, name=333333]] args=[[PLAY, Play [playerID=104, cards=[A♢]]]]
server.java message() player=[Player [ID=104, name=444444]] args=[[PLAY, Play [playerID=104, cards=[A♢]]]]
server.java processMessage() player=[Player [ID=104, name=444444]] data=[[PLAY, Play [playerID=104, cards=[8♡]]]]
server.java message() player=[Player [ID=101, name=111111]] args=[[PLAY, Play [playerID=104, cards=[8♡]]]]
server.java message() player=[Player [ID=102, name=222222]] args=[[PLAY, Play [playerID=104, cards=[8♡]]]]
server.java message() player=[Player [ID=103, name=333333]] args=[[PLAY, Play [playerID=104, cards=[8♡]]]]
server.java message() player=[Player [ID=104, name=192.1681.8]] args=[[PLAY, Play [playerID=104, cards=[8♡]]]]
server.java processMessage() player=[Player [ID=101, name=111111]] data=[[PLAY, Play [playerID=101, cards=[9♡]]]]
server.java message() player=[Player [ID=101, name=111111]] args=[[PLAY, Play [playerID=101, cards=[9♡]]]]
server.java message() player=[Player [ID=102, name=222222]] args=[[PLAY, Play [playerID=101, cards=[9♡]]]]
server.java message() player=[Player [ID=103, name=333333]] args=[[PLAY, Play [playerID=101, cards=[9♡]]]]
server.java message() player=[Player [ID=104, name=444444]] args=[[PLAY, Play [playerID=101, cards=[9♡]]]]
server.java processMessage() player=[Player [ID=102, name=444444]] data=[[PLAY, Play [playerID=102, cards=[4♠]]]]
server.java message() player=[Player [ID=101, name=111111]] args=[[PLAY, Play [playerID=102, cards=[4♠]]]]
server.java message() player=[Player [ID=102, name=222222]] args=[[PLAY, Play [playerID=102, cards=[4♠]]]]
server.java message() player=[Player [ID=103, name=333333]] args=[[PLAY, Play [playerID=102, cards=[4♠]]]]
server.java message() player=[Player [ID=104, name=444444]] args=[[PLAY, Play [playerID=102, cards=[4♠]]]]
server.java processMessage() player=[Player [ID=103, name=333333]]data=[[PLAY, Play [playerID=103, cards=[4♠]]]]
server.java message() player=[Player [ID=101, name=111111]] args=[[PLAY, Play [playerID=103, cards=[4♠]]]]
server.java message() player=[Player [ID=102, name=222222]] args=[[PLAY, Play [playerID=103, cards=[4♠]]]]
server.java message() player=[Player [ID=103, name=333333]] args=[[PLAY, Play [playerID=103, cards=[4♠]]]]
server.java message() player=[Player [ID=104, name=444444]] args=[[PLAY, Play [playerID=103, cards=[4♠]]]]
server.java processMessage() player=[Player [ID=102, name=444444]] data=[[PLAY, Play [playerID=102, cards=[3♠, J♠]]]]
server.java message() player=[Player [ID=101, name=111111]] args=[[PLAY, Play [playerID=102, cards=[3♠, J♠]]]]
server.java message() player=[Player [ID=102, name=222222]] args=[[PLAY, Play [playerID=102, cards=[3♠, J♠]]]]
server.java message() player=[Player [ID=103, name=333333]] args=[[PLAY, Play [playerID=102, cards=[3♠, J♠]]]]
server.java message() player=[Player [ID=104, name=444444]] args=[[PLAY, Play [playerID=102, cards=[3♠, J♠]]]]
server.java processMessage() player=[Player [ID=103, name=333333]]data=[[PLAY, Play [playerID=103, cards=[4♡, 4♣]]]]
server.java message() player=[Player [ID=101, name=111111]] args=[[PLAY, Play [playerID=103, cards=[4♡, 4♣]]]]
server.java message() player=[Player [ID=102, name=222222]] args=[[PLAY, Play [playerID=103, cards=[4♡, 4♣]]]]
server.java message() player=[Player [ID=103, name=333333]] args=[[PLAY, Play [playerID=103, cards=[4♡, 4♣]]]]
server.java message() player=[Player [ID=104, name=444444]] args=[[PLAY, Play [playerID=103, cards=[4♡, 4♣]]]]
server.java processMessage() player=[Player [ID=104, name=444444]] data=[[PLAY, Play [playerID=104, cards=[J♣, 6♡]]]]
server.java message() player=[Player [ID=101, name=111111]] args=[[PLAY, Play [playerID=104, cards=[J♣, 6♡]]]]
server.java message() player=[Player [ID=102, name=222222]] args=[[PLAY, Play [playerID=104, cards=[J♣, 6♡]]]]
server.java message() player=[Player [ID=103, name=333333]] args=[[PLAY, Play [playerID=104, cards=[J♣, 6♡]]]]
server.java message() player=[Player [ID=104, name=444444]] args=[[PLAY, Play [playerID=104, cards=[J♣, 6♡]]]]
server.java processMessage() player=[Player [ID=101, name=111111]] data=[[PLAY, Play [playerID=101, cards=[5♡, K♢]]]]
server.java message() player=[Player [ID=101, name=111111]] args=[[PLAY, Play [playerID=101, cards=[5♡, K♢]]]]
server.java message() player=[Player [ID=102, name=222222]] args=[[PLAY, Play [playerID=101, cards=[5♡, K♢]]]]
server.java message() player=[Player [ID=103, name=333333]] args=[[PLAY, Play [playerID=101, cards=[5♡, K♢]]]]
server.java message() player=[Player [ID=104, name=444444]] args=[[PLAY, Play [playerID=101, cards=[5♡, K♢]]]]
server.java processMessage() player=[Player [ID=103, name=333333]]data=[[PLAY, Play [playerID=103, cards=[3♢, 10♢, 9♢]]]]
server.java message() player=[Player [ID=103, name=333333]] args=[[NOTIFICATION, Invalid special play.]]
server.java message() player=[Player [ID=101, name=111111]] args=[[PLAY, Play [playerID=103, cards=[3♢]]]]
server.java message() player=[Player [ID=102, name=222222]] args=[[PLAY, Play [playerID=103, cards=[3♢]]]]
server.java message() player=[Player [ID=103, name=333333]] args=[[PLAY, Play [playerID=103, cards=[3♢]]]]
server.java message() player=[Player [ID=104, name=444444]] args=[[PLAY, Play [playerID=103, cards=[3♢]]]]
server.java processMessage() player=[Player [ID=104, name=444444]] data=[[PLAY, Play [playerID=104, cards=[10♡]]]]
server.java message() player=[Player [ID=101, name=111111]] args=[[PLAY, Play [playerID=104, cards=[10♡]]]]
server.java message() player=[Player [ID=102, name=222222]] args=[[PLAY, Play [playerID=104, cards=[10♡]]]]
server.java message() player=[Player [ID=103, name=333333]] args=[[PLAY, Play [playerID=104, cards=[10♡]]]]
server.java message() player=[Player [ID=104, name=444444]] args=[[PLAY, Play [playerID=104, cards=[10♡]]]]
server.java processMessage() player=[Player [ID=101, name=111111]] data=[[PLAY, Play [playerID=101, cards=[6♢]]]]
server.java message() player=[Player [ID=101, name=111111]] args=[[PLAY, Play [playerID=101, cards=[6♢]]]]
server.java message() player=[Player [ID=102, name=222222]] args=[[PLAY, Play [playerID=101, cards=[6♢]]]]
server.java message() player=[Player [ID=103, name=333333]] args=[[PLAY, Play [playerID=101, cards=[6♢]]]]
server.java message() player=[Player [ID=104, name=444444]] args=[[PLAY, Play [playerID=101, cards=[6♢]]]]
server.java processMessage() player=[Player [ID=102, name=444444]] data=[[PLAY, Play [playerID=102, cards=[5♢]]]]
server.java message() player=[Player [ID=101, name=111111]] args=[[PLAY, Play [playerID=102, cards=[5♢]]]]
server.java message() player=[Player [ID=102, name=222222]] args=[[PLAY, Play [playerID=102, cards=[5♢]]]]
server.java message() player=[Player [ID=103, name=333333]] args=[[PLAY, Play [playerID=102, cards=[5♢]]]]
server.java message() player=[Player [ID=104, name=444444]] args=[[PLAY, Play [playerID=102, cards=[5♢]]]]
server.java processMessage() player=[Player [ID=104, name=444444]] data=[[PLAY, Play [playerID=104, cards=[J♡, K♡]]]]
server.java message() player=[Player [ID=104, name=444444]] args=[[NOTIFICATION, Invalid special play.]]
server.java message() player=[Player [ID=101, name=111111]] args=[[PLAY, Play [playerID=104, cards=[J♡]]]]
server.java message() player=[Player [ID=102, name=222222]] args=[[PLAY, Play [playerID=104, cards=[J♡]]]]
server.java message() player=[Player [ID=103, name=333333]] args=[[PLAY, Play [playerID=104, cards=[J♡]]]]
server.java message() player=[Player [ID=104, name=444444]] args=[[PLAY, Play [playerID=104, cards=[J♡]]]]
server.java processMessage() player=[Player [ID=101, name=111111]] data=[[PLAY, Play [playerID=101, cards=[4♣]]]]
server.java message() player=[Player [ID=101, name=111111]] args=[[PLAY, Play [playerID=101, cards=[4♣]]]]
server.java message() player=[Player [ID=102, name=222222]] args=[[PLAY, Play [playerID=101, cards=[4♣]]]]
server.java message() player=[Player [ID=103, name=333333]] args=[[PLAY, Play [playerID=101, cards=[4♣]]]]
server.java message() player=[Player [ID=104, name=444444]] args=[[PLAY, Play [playerID=101, cards=[4♣]]]]
server.java processMessage() player=[Player [ID=102, name=444444]] data=[[PLAY, Play [playerID=102, cards=[4♡]]]]
server.java message() player=[Player [ID=101, name=111111]] args=[[PLAY, Play [playerID=102, cards=[4♡]]]]
server.java message() player=[Player [ID=102, name=222222]] args=[[PLAY, Play [playerID=102, cards=[4♡]]]]
server.java message() player=[Player [ID=103, name=333333]] args=[[PLAY, Play [playerID=102, cards=[4♡]]]]
server.java message() player=[Player [ID=104, name=444444]] args=[[PLAY, Play [playerID=102, cards=[4♡]]]]
server.java processMessage() player=[Player [ID=103, name=333333]]data=[[PLAY, Play [playerID=103, cards=[10♢]]]]
server.java message() player=[Player [ID=101, name=111111]] args=[[PLAY, Play [playerID=103, cards=[10♢]]]]
server.java message() player=[Player [ID=102, name=222222]] args=[[PLAY, Play [playerID=103, cards=[10♢]]]]
server.java message() player=[Player [ID=103, name=333333]] args=[[PLAY, Play [playerID=103, cards=[10♢]]]]
server.java message() player=[Player [ID=104, name=444444]] args=[[PLAY, Play [playerID=103, cards=[10♢]]]]
server.java processMessage() player=[Player [ID=102, name=444444]] data=[[PLAY, Play [playerID=102, cards=[Small Joker*]]]]
server.java message() player=[Player [ID=101, name=111111]] args=[[PLAY, Play [playerID=102, cards=[Small Joker*]]]]
server.java message() player=[Player [ID=102, name=222222]] args=[[PLAY, Play [playerID=102, cards=[Small Joker*]]]]
server.java message() player=[Player [ID=103, name=333333]] args=[[PLAY, Play [playerID=102, cards=[Small Joker*]]]]
server.java message() player=[Player [ID=104, name=444444]] args=[[PLAY, Play [playerID=102, cards=[Small Joker*]]]]
server.java processMessage() player=[Player [ID=103, name=333333]]data=[[PLAY, Play [playerID=103, cards=[9♢]]]]
server.java message() player=[Player [ID=101, name=111111]] args=[[PLAY, Play [playerID=103, cards=[9♢]]]]
server.java message() player=[Player [ID=102, name=222222]] args=[[PLAY, Play [playerID=103, cards=[9♢]]]]
server.java message() player=[Player [ID=103, name=333333]] args=[[PLAY, Play [playerID=103, cards=[9♢]]]]
server.java message() player=[Player [ID=104, name=444444]] args=[[PLAY, Play [playerID=103, cards=[9♢]]]]
server.java processMessage() player=[Player [ID=104, name=444444]] data=[[PLAY, Play [playerID=104, cards=[K♡]]]]
server.java message() player=[Player [ID=101, name=111111]] args=[[PLAY, Play [playerID=104, cards=[K♡]]]]
server.java message() player=[Player [ID=102, name=222222]] args=[[PLAY, Play [playerID=104, cards=[K♡]]]]
server.java message() player=[Player [ID=103, name=333333]] args=[[PLAY, Play [playerID=104, cards=[K♡]]]]
server.java message() player=[Player [ID=104, name=444444]] args=[[PLAY, Play [playerID=104, cards=[K♡]]]]
server.java processMessage() player=[Player [ID=101, name=111111]] data=[[PLAY, Play [playerID=101, cards=[Big Joker*]]]]
server.java message() player=[Player [ID=101, name=111111]] args=[[PLAY, Play [playerID=101, cards=[Big Joker*]]]]
server.java message() player=[Player [ID=102, name=222222]] args=[[PLAY, Play [playerID=101, cards=[Big Joker*]]]]
server.java message() player=[Player [ID=103, name=333333]] args=[[PLAY, Play [playerID=101, cards=[Big Joker*]]]]
server.java message() player=[Player [ID=104, name=444444]] args=[[PLAY, Play [playerID=101, cards=[Big Joker*]]]]
Client Player [ID=102, name=444444] left.
server.java message() player=[Player [ID=101, name=111111]] args=[[REMOVEPLAYER, 102]]
server.java message() player=[Player [ID=103, name=333333]] args=[[REMOVEPLAYER, 102]]
server.java message() player=[Player [ID=104, name=444444]] args=[[REMOVEPLAYER, 102]]
Client Player [ID=101, name=111111] left.
server.java message() player=[Player [ID=103, name=333333]] args=[[REMOVEPLAYER, 101]]
server.java message() player=[Player [ID=104, name=444444]] args=[[REMOVEPLAYER, 101]]
Client Player [ID=103, name=333333333] left.
server.java message() player=[Player [ID=104, name=444444]] args=[[REMOVEPLAYER, 103]]
Client Player [ID=104, name=444444] left.